<?xml version="1.0" encoding="UTF-8"?>
<testsuite xmlns:xsi="http://www.w3.org/2001/XMLSchema-instance" xsi:noNamespaceSchemaLocation="https://maven.apache.org/surefire/maven-surefire-plugin/xsd/surefire-test-report.xsd" version="3.0.2" name="com.log.financial.FinancialLogApplicationTests" time="8.897" tests="1" errors="0" skipped="0" failures="0">
  <properties>
[...]
</properties>
  <testcase name="contextLoads" classname="com.log.financial.FinancialLogApplicationTests" time="0.939">
    <system-out><![CDATA[17:37:36.959 [main] INFO org.springframework.test.context.support.AnnotationConfigContextLoaderUtils -- Could not detect default configuration classes for test class [com.log.financial.FinancialLogApplicationTests]: FinancialLogApplicationTests does not declare any static, non-private, non-final, nested classes annotated with @Configuration.
17:37:37.128 [main] INFO org.springframework.boot.test.context.SpringBootTestContextBootstrapper -- Found @SpringBootConfiguration com.log.financial.FinancialLogApplication for test class com.log.financial.FinancialLogApplicationTests
17:37:37.341 [main] INFO org.springframework.boot.devtools.restart.RestartApplicationListener -- Restart disabled due to context in which it is running

  .   ____          _            __ _ _
 /\\ / ___'_ __ _ _(_)_ __  __ _ \ \ \ \
( ( )\___ | '_ | '_| | '_ \/ _` | \ \ \ \
 \\/  ___)| |_)| | | | | || (_| |  ) ) ) )
  '  |____| .__|_| |_|_| |_\__, | / / / /
 =========|_|==============|___/=/_/_/_/

 :: Spring Boot ::                (v3.4.4)

2025-04-27T17:37:37.885-03:00  INFO 26192 --- [FinancialLog] [           main] c.l.f.FinancialLogApplicationTests       : Starting FinancialLogApplicationTests using Java 23.0.1 with PID 26192 (started by lucas in C:\Users\lucas\OneDrive\Documentos\Projetos\Java\Portifolio\financial)
2025-04-27T17:37:37.888-03:00  INFO 26192 --- [FinancialLog] [           main] c.l.f.FinancialLogApplicationTests       : No active profile set, falling back to 1 default profile: "default"
2025-04-27T17:37:39.143-03:00  INFO 26192 --- [FinancialLog] [           main] .s.d.r.c.RepositoryConfigurationDelegate : Bootstrapping Spring Data JPA repositories in DEFAULT mode.
2025-04-27T17:37:39.234-03:00  INFO 26192 --- [FinancialLog] [           main] .s.d.r.c.RepositoryConfigurationDelegate : Finished Spring Data repository scanning in 70 ms. Found 1 JPA repository interface.
2025-04-27T17:37:40.081-03:00  INFO 26192 --- [FinancialLog] [           main] o.hibernate.jpa.internal.util.LogHelper  : HHH000204: Processing PersistenceUnitInfo [name: default]
2025-04-27T17:37:40.160-03:00  INFO 26192 --- [FinancialLog] [           main] org.hibernate.Version                    : HHH000412: Hibernate ORM core version 6.6.11.Final
2025-04-27T17:37:40.207-03:00  INFO 26192 --- [FinancialLog] [           main] o.h.c.internal.RegionFactoryInitiator    : HHH000026: Second-level cache disabled
2025-04-27T17:37:40.734-03:00  INFO 26192 --- [FinancialLog] [           main] o.s.o.j.p.SpringPersistenceUnitInfo      : No LoadTimeWeaver setup: ignoring JPA class transformer
2025-04-27T17:37:40.799-03:00  INFO 26192 --- [FinancialLog] [           main] com.zaxxer.hikari.HikariDataSource       : HikariPool-1 - Starting...
2025-04-27T17:37:41.112-03:00  INFO 26192 --- [FinancialLog] [           main] com.zaxxer.hikari.pool.HikariPool        : HikariPool-1 - Added connection com.mysql.cj.jdbc.ConnectionImpl@c67395
2025-04-27T17:37:41.114-03:00  INFO 26192 --- [FinancialLog] [           main] com.zaxxer.hikari.HikariDataSource       : HikariPool-1 - Start completed.
2025-04-27T17:37:41.169-03:00  WARN 26192 --- [FinancialLog] [           main] org.hibernate.orm.deprecation            : HHH90000025: MySQL8Dialect does not need to be specified explicitly using 'hibernate.dialect' (remove the property setting and it will be selected by default)
2025-04-27T17:37:41.170-03:00  WARN 26192 --- [FinancialLog] [           main] org.hibernate.orm.deprecation            : HHH90000026: MySQL8Dialect has been deprecated; use org.hibernate.dialect.MySQLDialect instead
2025-04-27T17:37:41.205-03:00  INFO 26192 --- [FinancialLog] [           main] org.hibernate.orm.connections.pooling    : HHH10001005: Database info:
	Database JDBC URL [Connecting through datasource 'HikariDataSource (HikariPool-1)']
	Database driver: undefined/unknown
	Database version: 8.0
	Autocommit mode: undefined/unknown
	Isolation level: undefined/unknown
	Minimum pool size: undefined/unknown
	Maximum pool size: undefined/unknown
2025-04-27T17:37:42.091-03:00  INFO 26192 --- [FinancialLog] [           main] o.h.e.t.j.p.i.JtaPlatformInitiator       : HHH000489: No JTA platform available (set 'hibernate.transaction.jta.platform' to enable JTA platform integration)
2025-04-27T17:37:42.171-03:00  INFO 26192 --- [FinancialLog] [           main] j.LocalContainerEntityManagerFactoryBean : Initialized JPA EntityManagerFactory for persistence unit 'default'
2025-04-27T17:37:43.293-03:00  WARN 26192 --- [FinancialLog] [           main] JpaBaseConfiguration$JpaWebConfiguration : spring.jpa.open-in-view is enabled by default. Therefore, database queries may be performed during view rendering. Explicitly configure spring.jpa.open-in-view to disable this warning
2025-04-27T17:37:44.211-03:00  INFO 26192 --- [FinancialLog] [           main] o.s.m.s.b.SimpleBrokerMessageHandler     : Starting...
2025-04-27T17:37:44.212-03:00  INFO 26192 --- [FinancialLog] [           main] o.s.m.s.b.SimpleBrokerMessageHandler     : BrokerAvailabilityEvent[available=true, SimpleBrokerMessageHandler [org.springframework.messaging.simp.broker.DefaultSubscriptionRegistry@3431cb1f]]
2025-04-27T17:37:44.215-03:00  INFO 26192 --- [FinancialLog] [           main] o.s.m.s.b.SimpleBrokerMessageHandler     : Started.
2025-04-27T17:37:44.294-03:00  INFO 26192 --- [FinancialLog] [           main] o.a.k.clients.consumer.ConsumerConfig    : ConsumerConfig values: 
	allow.auto.create.topics = true
	auto.commit.interval.ms = 5000
	auto.include.jmx.reporter = true
	auto.offset.reset = earliest
	bootstrap.servers = [localhost:9092]
	check.crcs = true
	client.dns.lookup = use_all_dns_ips
	client.id = consumer-financial-log-group-1
	client.rack = 
	connections.max.idle.ms = 540000
	default.api.timeout.ms = 60000
	enable.auto.commit = false
	enable.metrics.push = true
	exclude.internal.topics = true
	fetch.max.bytes = 52428800
	fetch.max.wait.ms = 500
	fetch.min.bytes = 1
	group.id = financial-log-group
	group.instance.id = null
	group.protocol = classic
	group.remote.assignor = null
	heartbeat.interval.ms = 3000
	interceptor.classes = []
	internal.leave.group.on.close = true
	internal.throw.on.fetch.stable.offset.unsupported = false
	isolation.level = read_uncommitted
	key.deserializer = class org.apache.kafka.common.serialization.StringDeserializer
	max.partition.fetch.bytes = 1048576
	max.poll.interval.ms = 300000
	max.poll.records = 500
	metadata.max.age.ms = 300000
	metadata.recovery.strategy = none
	metric.reporters = []
	metrics.num.samples = 2
	metrics.recording.level = INFO
	metrics.sample.window.ms = 30000
	partition.assignment.strategy = [class org.apache.kafka.clients.consumer.RangeAssignor, class org.apache.kafka.clients.consumer.CooperativeStickyAssignor]
	receive.buffer.bytes = 65536
	reconnect.backoff.max.ms = 1000
	reconnect.backoff.ms = 50
	request.timeout.ms = 30000
	retry.backoff.max.ms = 1000
	retry.backoff.ms = 100
	sasl.client.callback.handler.class = null
	sasl.jaas.config = null
	sasl.kerberos.kinit.cmd = /usr/bin/kinit
	sasl.kerberos.min.time.before.relogin = 60000
	sasl.kerberos.service.name = null
	sasl.kerberos.ticket.renew.jitter = 0.05
	sasl.kerberos.ticket.renew.window.factor = 0.8
	sasl.login.callback.handler.class = null
	sasl.login.class = null
	sasl.login.connect.timeout.ms = null
	sasl.login.read.timeout.ms = null
	sasl.login.refresh.buffer.seconds = 300
	sasl.login.refresh.min.period.seconds = 60
	sasl.login.refresh.window.factor = 0.8
	sasl.login.refresh.window.jitter = 0.05
	sasl.login.retry.backoff.max.ms = 10000
	sasl.login.retry.backoff.ms = 100
	sasl.mechanism = GSSAPI
	sasl.oauthbearer.clock.skew.seconds = 30
	sasl.oauthbearer.expected.audience = null
	sasl.oauthbearer.expected.issuer = null
	sasl.oauthbearer.jwks.endpoint.refresh.ms = 3600000
	sasl.oauthbearer.jwks.endpoint.retry.backoff.max.ms = 10000
	sasl.oauthbearer.jwks.endpoint.retry.backoff.ms = 100
	sasl.oauthbearer.jwks.endpoint.url = null
	sasl.oauthbearer.scope.claim.name = scope
	sasl.oauthbearer.sub.claim.name = sub
	sasl.oauthbearer.token.endpoint.url = null
	security.protocol = PLAINTEXT
	security.providers = null
	send.buffer.bytes = 131072
	session.timeout.ms = 45000
	socket.connection.setup.timeout.max.ms = 30000
	socket.connection.setup.timeout.ms = 10000
	ssl.cipher.suites = null
	ssl.enabled.protocols = [TLSv1.2, TLSv1.3]
	ssl.endpoint.identification.algorithm = https
	ssl.engine.factory.class = null
	ssl.key.password = null
	ssl.keymanager.algorithm = SunX509
	ssl.keystore.certificate.chain = null
	ssl.keystore.key = null
	ssl.keystore.location = null
	ssl.keystore.password = null
	ssl.keystore.type = JKS
	ssl.protocol = TLSv1.3
	ssl.provider = null
	ssl.secure.random.implementation = null
	ssl.trustmanager.algorithm = PKIX
	ssl.truststore.certificates = null
	ssl.truststore.location = null
	ssl.truststore.password = null
	ssl.truststore.type = JKS
	value.deserializer = class org.apache.kafka.common.serialization.StringDeserializer

2025-04-27T17:37:44.399-03:00  INFO 26192 --- [FinancialLog] [           main] o.a.k.c.t.i.KafkaMetricsCollector        : initializing Kafka metrics collector
2025-04-27T17:37:44.680-03:00  INFO 26192 --- [FinancialLog] [           main] o.a.kafka.common.utils.AppInfoParser     : Kafka version: 3.8.1
2025-04-27T17:37:44.680-03:00  INFO 26192 --- [FinancialLog] [           main] o.a.kafka.common.utils.AppInfoParser     : Kafka commitId: 70d6ff42debf7e17
2025-04-27T17:37:44.680-03:00  INFO 26192 --- [FinancialLog] [           main] o.a.kafka.common.utils.AppInfoParser     : Kafka startTimeMs: 1745786264677
2025-04-27T17:37:44.684-03:00  INFO 26192 --- [FinancialLog] [           main] o.a.k.c.c.internals.LegacyKafkaConsumer  : [Consumer clientId=consumer-financial-log-group-1, groupId=financial-log-group] Subscribed to topic(s): financial-logs
2025-04-27T17:37:44.704-03:00  INFO 26192 --- [FinancialLog] [           main] c.l.f.FinancialLogApplicationTests       : Started FinancialLogApplicationTests in 7.397 seconds (process running for 8.639)
2025-04-27T17:37:44.730-03:00  INFO 26192 --- [FinancialLog] [MessageBroker-1] o.a.k.clients.producer.ProducerConfig    : ProducerConfig values: 
	acks = -1
	auto.include.jmx.reporter = true
	batch.size = 16384
	bootstrap.servers = [localhost:9092]
	buffer.memory = 33554432
	client.dns.lookup = use_all_dns_ips
	client.id = FinancialLog-producer-1
	compression.gzip.level = -1
	compression.lz4.level = 9
	compression.type = none
	compression.zstd.level = 3
	connections.max.idle.ms = 540000
	delivery.timeout.ms = 120000
	enable.idempotence = true
	enable.metrics.push = true
	interceptor.classes = []
	key.serializer = class org.apache.kafka.common.serialization.StringSerializer
	linger.ms = 0
	max.block.ms = 60000
	max.in.flight.requests.per.connection = 5
	max.request.size = 1048576
	metadata.max.age.ms = 300000
	metadata.max.idle.ms = 300000
	metadata.recovery.strategy = none
	metric.reporters = []
	metrics.num.samples = 2
	metrics.recording.level = INFO
	metrics.sample.window.ms = 30000
	partitioner.adaptive.partitioning.enable = true
	partitioner.availability.timeout.ms = 0
	partitioner.class = null
	partitioner.ignore.keys = false
	receive.buffer.bytes = 32768
	reconnect.backoff.max.ms = 1000
	reconnect.backoff.ms = 50
	request.timeout.ms = 30000
	retries = 2147483647
	retry.backoff.max.ms = 1000
	retry.backoff.ms = 100
	sasl.client.callback.handler.class = null
	sasl.jaas.config = null
	sasl.kerberos.kinit.cmd = /usr/bin/kinit
	sasl.kerberos.min.time.before.relogin = 60000
	sasl.kerberos.service.name = null
	sasl.kerberos.ticket.renew.jitter = 0.05
	sasl.kerberos.ticket.renew.window.factor = 0.8
	sasl.login.callback.handler.class = null
	sasl.login.class = null
	sasl.login.connect.timeout.ms = null
	sasl.login.read.timeout.ms = null
	sasl.login.refresh.buffer.seconds = 300
	sasl.login.refresh.min.period.seconds = 60
	sasl.login.refresh.window.factor = 0.8
	sasl.login.refresh.window.jitter = 0.05
	sasl.login.retry.backoff.max.ms = 10000
	sasl.login.retry.backoff.ms = 100
	sasl.mechanism = GSSAPI
	sasl.oauthbearer.clock.skew.seconds = 30
	sasl.oauthbearer.expected.audience = null
	sasl.oauthbearer.expected.issuer = null
	sasl.oauthbearer.jwks.endpoint.refresh.ms = 3600000
	sasl.oauthbearer.jwks.endpoint.retry.backoff.max.ms = 10000
	sasl.oauthbearer.jwks.endpoint.retry.backoff.ms = 100
	sasl.oauthbearer.jwks.endpoint.url = null
	sasl.oauthbearer.scope.claim.name = scope
	sasl.oauthbearer.sub.claim.name = sub
	sasl.oauthbearer.token.endpoint.url = null
	security.protocol = PLAINTEXT
	security.providers = null
	send.buffer.bytes = 131072
	socket.connection.setup.timeout.max.ms = 30000
	socket.connection.setup.timeout.ms = 10000
	ssl.cipher.suites = null
	ssl.enabled.protocols = [TLSv1.2, TLSv1.3]
	ssl.endpoint.identification.algorithm = https
	ssl.engine.factory.class = null
	ssl.key.password = null
	ssl.keymanager.algorithm = SunX509
	ssl.keystore.certificate.chain = null
	ssl.keystore.key = null
	ssl.keystore.location = null
	ssl.keystore.password = null
	ssl.keystore.type = JKS
	ssl.protocol = TLSv1.3
	ssl.provider = null
	ssl.secure.random.implementation = null
	ssl.trustmanager.algorithm = PKIX
	ssl.truststore.certificates = null
	ssl.truststore.location = null
	ssl.truststore.password = null
	ssl.truststore.type = JKS
	transaction.timeout.ms = 60000
	transactional.id = null
	value.serializer = class org.apache.kafka.common.serialization.StringSerializer

2025-04-27T17:37:44.733-03:00  INFO 26192 --- [FinancialLog] [MessageBroker-1] o.a.k.c.t.i.KafkaMetricsCollector        : initializing Kafka metrics collector
2025-04-27T17:37:44.760-03:00  INFO 26192 --- [FinancialLog] [MessageBroker-1] o.a.k.clients.producer.KafkaProducer     : [Producer clientId=FinancialLog-producer-1] Instantiated an idempotent producer.
2025-04-27T17:37:44.795-03:00  INFO 26192 --- [FinancialLog] [MessageBroker-1] o.a.kafka.common.utils.AppInfoParser     : Kafka version: 3.8.1
2025-04-27T17:37:44.795-03:00  INFO 26192 --- [FinancialLog] [MessageBroker-1] o.a.kafka.common.utils.AppInfoParser     : Kafka commitId: 70d6ff42debf7e17
2025-04-27T17:37:44.795-03:00  INFO 26192 --- [FinancialLog] [MessageBroker-1] o.a.kafka.common.utils.AppInfoParser     : Kafka startTimeMs: 1745786264795
2025-04-27T17:37:45.259-03:00  INFO 26192 --- [FinancialLog] [ntainer#0-0-C-1] org.apache.kafka.clients.NetworkClient   : [Consumer clientId=consumer-financial-log-group-1, groupId=financial-log-group] Node -1 disconnected.
2025-04-27T17:37:45.259-03:00  INFO 26192 --- [FinancialLog] [lLog-producer-1] org.apache.kafka.clients.NetworkClient   : [Producer clientId=FinancialLog-producer-1] Node -1 disconnected.
2025-04-27T17:37:45.264-03:00  WARN 26192 --- [FinancialLog] [ntainer#0-0-C-1] org.apache.kafka.clients.NetworkClient   : [Consumer clientId=consumer-financial-log-group-1, groupId=financial-log-group] Connection to node -1 (localhost/127.0.0.1:9092) could not be established. Node may not be available.
2025-04-27T17:37:45.264-03:00  WARN 26192 --- [FinancialLog] [lLog-producer-1] org.apache.kafka.clients.NetworkClient   : [Producer clientId=FinancialLog-producer-1] Connection to node -1 (localhost/127.0.0.1:9092) could not be established. Node may not be available.
2025-04-27T17:37:45.264-03:00  WARN 26192 --- [FinancialLog] [ntainer#0-0-C-1] org.apache.kafka.clients.NetworkClient   : [Consumer clientId=consumer-financial-log-group-1, groupId=financial-log-group] Bootstrap broker localhost:9092 (id: -1 rack: null) disconnected
2025-04-27T17:37:45.264-03:00  WARN 26192 --- [FinancialLog] [lLog-producer-1] org.apache.kafka.clients.NetworkClient   : [Producer clientId=FinancialLog-producer-1] Bootstrap broker localhost:9092 (id: -1 rack: null) disconnected
2025-04-27T17:37:45.357-03:00  INFO 26192 --- [FinancialLog] [ntainer#0-0-C-1] org.apache.kafka.clients.NetworkClient   : [Consumer clientId=consumer-financial-log-group-1, groupId=financial-log-group] Node -1 disconnected.
2025-04-27T17:37:45.358-03:00  WARN 26192 --- [FinancialLog] [ntainer#0-0-C-1] org.apache.kafka.clients.NetworkClient   : [Consumer clientId=consumer-financial-log-group-1, groupId=financial-log-group] Connection to node -1 (localhost/127.0.0.1:9092) could not be established. Node may not be available.
2025-04-27T17:37:45.358-03:00  WARN 26192 --- [FinancialLog] [ntainer#0-0-C-1] org.apache.kafka.clients.NetworkClient   : [Consumer clientId=consumer-financial-log-group-1, groupId=financial-log-group] Bootstrap broker localhost:9092 (id: -1 rack: null) disconnected
2025-04-27T17:37:45.383-03:00  INFO 26192 --- [FinancialLog] [lLog-producer-1] org.apache.kafka.clients.NetworkClient   : [Producer clientId=FinancialLog-producer-1] Node -1 disconnected.
2025-04-27T17:37:45.384-03:00  WARN 26192 --- [FinancialLog] [lLog-producer-1] org.apache.kafka.clients.NetworkClient   : [Producer clientId=FinancialLog-producer-1] Connection to node -1 (localhost/127.0.0.1:9092) could not be established. Node may not be available.
2025-04-27T17:37:45.384-03:00  WARN 26192 --- [FinancialLog] [lLog-producer-1] org.apache.kafka.clients.NetworkClient   : [Producer clientId=FinancialLog-producer-1] Bootstrap broker localhost:9092 (id: -1 rack: null) disconnected
2025-04-27T17:37:45.492-03:00  INFO 26192 --- [FinancialLog] [lLog-producer-1] org.apache.kafka.clients.NetworkClient   : [Producer clientId=FinancialLog-producer-1] Node -1 disconnected.
2025-04-27T17:37:45.493-03:00  WARN 26192 --- [FinancialLog] [lLog-producer-1] org.apache.kafka.clients.NetworkClient   : [Producer clientId=FinancialLog-producer-1] Connection to node -1 (localhost/127.0.0.1:9092) could not be established. Node may not be available.
2025-04-27T17:37:45.493-03:00  WARN 26192 --- [FinancialLog] [lLog-producer-1] org.apache.kafka.clients.NetworkClient   : [Producer clientId=FinancialLog-producer-1] Bootstrap broker localhost:9092 (id: -1 rack: null) disconnected
2025-04-27T17:37:45.507-03:00  INFO 26192 --- [FinancialLog] [ntainer#0-0-C-1] org.apache.kafka.clients.NetworkClient   : [Consumer clientId=consumer-financial-log-group-1, groupId=financial-log-group] Node -1 disconnected.
2025-04-27T17:37:45.508-03:00  WARN 26192 --- [FinancialLog] [ntainer#0-0-C-1] org.apache.kafka.clients.NetworkClient   : [Consumer clientId=consumer-financial-log-group-1, groupId=financial-log-group] Connection to node -1 (localhost/127.0.0.1:9092) could not be established. Node may not be available.
2025-04-27T17:37:45.508-03:00  WARN 26192 --- [FinancialLog] [ntainer#0-0-C-1] org.apache.kafka.clients.NetworkClient   : [Consumer clientId=consumer-financial-log-group-1, groupId=financial-log-group] Bootstrap broker localhost:9092 (id: -1 rack: null) disconnected
]]></system-out>
    <system-err><![CDATA[Mockito is currently self-attaching to enable the inline-mock-maker. This will no longer work in future releases of the JDK. Please add Mockito as an agent to your build what is described in Mockito's documentation: https://javadoc.io/doc/org.mockito/mockito-core/latest/org/mockito/Mockito.html#0.3
WARNING: A Java agent has been loaded dynamically (C:\Users\lucas\.m2\repository\net\bytebuddy\byte-buddy-agent\1.15.11\byte-buddy-agent-1.15.11.jar)
WARNING: If a serviceability tool is in use, please run with -XX:+EnableDynamicAgentLoading to hide this warning
WARNING: If a serviceability tool is not in use, please run with -Djdk.instrument.traceUsage for more information
WARNING: Dynamic loading of agents will be disallowed by default in a future release
]]></system-err>
  </testcase>
</testsuite>